2024-01-17T02:40:44+00:00 DEBUG Tt4b_Pixel_Class::inject_view_content_event: hit ViewContent
2024-01-17T02:40:44+00:00 DEBUG POST: https://business-api.tiktok.com/open_api/v1.3/event/track/

{"partner_name":"WooCommerce","event_source":"web","event_source_id":"CMHAEGRC77U8OC88QNOG","data":[{"event":"ViewContent","event_id":"65a73e2ce0177_tt4b_woocommerce_6597aabb89eb6_225","event_time":1705459244,"user":{"phone":"","email":"e3b0c44298fc1c149afbf4c8996fb92427ae41e4649b934ca495991b7852b855","ip":"52.167.144.210","user_agent":"Mozilla\/5.0 AppleWebKit\/537.36 (KHTML, like Gecko; compatible; bingbot\/2.0; +http:\/\/www.bing.com\/bingbot.htm) Chrome\/116.0.1938.76 Safari\/537.36","locale":"en"},"properties":{"contents":[{"price":0,"quantity":1,"content_id":"225","content_name":"Ph\u1ea7n m\u1ec1m Microsoft 365 Personal (QQ2-01896)"}],"content_type":"product","currency":"VND","value":0},"page":{"url":"http:\/\/hccomputer.net\/product\/phan-mem-microsoft-365-personal-qq2-01896\/"}}]}
 ajax: no
2024-01-17T02:40:47+00:00 DEBUG Tt4b_Mapi_Class::mapi_post: Response: 

HTTP/1.1 200 OK
Server: nginx
Content-Type: application/json
Content-Length: 92
X-Tt-Logid: 20240117024045ADCE111E157AF3C578BE
x-tt-trace-host: 0115fb3933a63395317ce1f4abb4f506dd03975c9d5bf07edc3cae1419e050b1c8415138f066a2f4ad79a5721bb79e3de1eaef00f78fd1d864665d8adbc9c2e6097a9af4dc1ddcd040a80eada3f539c878dcff19c38e6b83a4484bfdce564409cb7482b0495634e7ccd109945d5fa351b0
x-tt-trace-id: 00-240117024045ADCE111E157AF3C578BE-0FA02A6E6F258480-00
X-Origin-Response-Time: 2143,23.222.0.22
X-Akamai-Request-ID: 2b059c7e.5c957bc9
Expires: Wed, 17 Jan 2024 02:40:47 GMT
Cache-Control: max-age=0, no-cache, no-store
Pragma: no-cache
Date: Wed, 17 Jan 2024 02:40:47 GMT
X-Cache: TCP_MISS from a23-210-250-150.deploy.akamaitechnologies.com (AkamaiGHost/11.3.3-52668873) (-)
Connection: close
X-Cache-Remote: TCP_MISS from a23-222-0-22.deploy.akamaitechnologies.com (AkamaiGHost/11.4.0-53477943) (-)
x-tt-trace-tag: id=16;cdn-cache=miss;type=dyn
Server-Timing: cdn-cache; desc=MISS, edge; dur=225, origin; dur=2143
Server-Timing: inner; dur=115
X-Parent-Response-Time: 2365,23.210.250.150

{"code": 0, "message": "OK", "request_id": "20240117024045ADCE111E157AF3C578BE", "data": {}}

2024-01-17T04:32:34+00:00 DEBUG Tt4b_Pixel_Class::inject_view_content_event: hit ViewContent
2024-01-17T04:32:34+00:00 DEBUG POST: https://business-api.tiktok.com/open_api/v1.3/event/track/

{"partner_name":"WooCommerce","event_source":"web","event_source_id":"CMHAEGRC77U8OC88QNOG","data":[{"event":"ViewContent","event_id":"65a75862a08a6_tt4b_woocommerce_6597aabb89eb6_233","event_time":1705465954,"user":{"phone":"","email":"e3b0c44298fc1c149afbf4c8996fb92427ae41e4649b934ca495991b7852b855","ip":"40.77.167.247","user_agent":"Mozilla\/5.0 AppleWebKit\/537.36 (KHTML, like Gecko; compatible; bingbot\/2.0; +http:\/\/www.bing.com\/bingbot.htm) Chrome\/116.0.1938.76 Safari\/537.36","locale":"en"},"properties":{"contents":[{"price":0,"quantity":1,"content_id":"233","content_name":"CPU INTEL Core i9-12900K (16C\/24T, 3.20 GHz - 5.20 GHz, 30MB) - 1700"}],"content_type":"product","currency":"VND","value":0},"page":{"url":"http:\/\/hccomputer.net\/product\/cpu-intel-core-i9-12900k-16c-24t-3-20-ghz-5-20-ghz-30mb-1700\/"}}]}
 ajax: no
2024-01-17T04:32:35+00:00 DEBUG Tt4b_Mapi_Class::mapi_post: Response: 

HTTP/1.1 200 OK
Server: nginx
Content-Type: application/json
Content-Length: 92
X-Tt-Logid: 20240117043235244B0CCD1E7EAEFF5A50
x-tt-trace-host: 0115fb3933a63395317ce1f4abb4f506dd2d42f3c54ec819efca86c3fad7aeb8763247b33b13b59831071b3bb5a4962185beb3237e0f61507ff59ad1d4a80bf77700479acc931336d55e1172ed3a2c9c534a87842ccd3d95866684f7dedd4d80b19da8bc997444bb0a0539cab514fcde13
x-tt-trace-id: 00-240117043235244B0CCD1E7EAEFF5A50-5921B4B6DA47248B-00
X-Origin-Response-Time: 112,23.213.246.231
X-Akamai-Request-ID: 5ecbd90e.944b0414
Expires: Wed, 17 Jan 2024 04:32:35 GMT
Cache-Control: max-age=0, no-cache, no-store
Pragma: no-cache
Date: Wed, 17 Jan 2024 04:32:35 GMT
X-Cache: TCP_MISS from a23-59-80-222.deploy.akamaitechnologies.com (AkamaiGHost/11.4.0-53477943) (-)
Connection: close
X-Cache-Remote: TCP_MISS from a23-213-246-231.deploy.akamaitechnologies.com (AkamaiGHost/11.3.3-52668873) (-)
x-tt-trace-tag: id=16;cdn-cache=miss;type=dyn
Server-Timing: cdn-cache; desc=MISS, edge; dur=227, origin; dur=111
Server-Timing: inner; dur=108
X-Parent-Response-Time: 333,23.59.80.222

{"code": 0, "message": "OK", "request_id": "20240117043235244B0CCD1E7EAEFF5A50", "data": {}}

2024-01-17T04:55:03+00:00 DEBUG Tt4b_Catalog_Class::catalog_sync: catalog_sync executing for HC Computer
2024-01-17T04:55:03+00:00 DEBUG Tt4b_Catalog_Class::catalog_sync: adding and updating products from wc_get_products since 16 Tháng Một 2024 13:06:32
2024-01-17T04:55:03+00:00 DEBUG Tt4b_Catalog_Class::delete_products_helper: no products retrieved from tt4b_product_delete_queue option, skipping product deletion
2024-01-17T04:55:03+00:00 DEBUG POST: https://business-api.tiktok.com/open_api/v1.2/tbp/business_profile/store/update/

{"business_platform":"WOO_COMMERCE","external_business_id":"tt4b_woocommerce_6597aabb89eb6","net_gmv":[{"interval":"LIFETIME","max":0,"min":0,"unit":"CURRENCY"}],"net_order_count":[{"interval":"LIFETIME","max":0,"min":0,"unit":"COUNT"}],"tenure":{"min":0,"max":0,"unit":"DAYS"},"extra_data":"1.2.3"}
 ajax: yes
2024-01-17T04:55:04+00:00 DEBUG Tt4b_Mapi_Class::mapi_post: Response: 

HTTP/1.1 200 OK
Content-Type: application/json
X-Api-Deprecation-Info: API for Business Version 1.3 is now live. To avoid disruption to your business, we recommend you migrate all calls to v1.3 as soon as possible. Please visit our migration guide for more details: https://ads.tiktok.com/marketing_api/docs?id=1740029169927169
X-Domain-Change-Info: We have moved to the new domain business-api.tiktok.com for API services after the Platform Upgrade on 09/30/2021. Please update all of your requests with the new domain if you haven't done so already. For more information, please visit https://ads.tiktok.com/marketing_api/docs?rid=esb88xalm6m&id=1709207085043713
X-Tt-Logid: 20240117045503150489950D337B8689D3
Server-Timing: inner; dur=242
x-tt-trace-host: 0115fb3933a63395317ce1f4abb4f506ddd6cde3962611298431c38c33de3f2cd4cf5d035a64492347bcdec2a37fdbea4482dc3c206e13ab1f8ec664afa7312deb89e6317c2a0d1f12126465b9d4d2e4ebdac787b39b2898a6aa82f2311a7ab8e7
x-tt-trace-id: 00-240117045503150489950D337B8689D3-21E83BBC07E22687-00
Server: TLB
Content-Encoding: gzip
Expires: Wed, 17 Jan 2024 04:55:04 GMT
Cache-Control: max-age=0, no-cache, no-store
Pragma: no-cache
Date: Wed, 17 Jan 2024 04:55:04 GMT
Content-Length: 541
X-Cache: TCP_MISS from a23-210-250-135.deploy.akamaitechnologies.com (AkamaiGHost/11.4.0-53477943) (-)
Connection: close
Vary: Accept-Encoding
x-tt-trace-tag: id=16;cdn-cache=miss;type=dyn
Server-Timing: cdn-cache; desc=MISS, edge; dur=4, origin; dur=246
X-Origin-Response-Time: 247,23.210.250.135
X-Akamai-Request-ID: 4cf73dc5

{"code":0,"message":"OK","request_id":"20240117045503150489950D337B8689D3","data":{"adv_id":"7314567020744458248","bc_id":"7314566099670958088","business_platform":"WOO_COMMERCE","catalog_id":"7323598436790503169","core_user_id":"7313010366211163138","country":"VN","create_time":"2024-01-13 15:06:39","currency":"VND","domain":"https://hccomputer.net","email":"congnv69@gmail.com","external_business_id":"tt4b_woocommerce_6597aabb89eb6","is_email_verified":true,"is_test":false,"is_verified":true,"net_gmv":[{"interval":"LIFETIME","max":0,"min":0,"unit":"CURRENCY"}],"net_order_count":[{"interval":"LIFETIME","max":0,"min":0,"unit":"COUNT"}],"phone_number":"+841234567890","pixel_code":"CMHAEGRC77U8OC88QNOG","status":2,"store_name":"HC Computer","tenure":{"max":0,"min":0,"unit":"DAYS"},"timezone":"GMT+7:00","update_time":"2024-01-13 15:07:58","website_url":"https://hccomputer.net"}}

2024-01-17T04:55:04+00:00 DEBUG Tt4b_Catalog_Class::catalog_sync_helper: no products retrieved from wc_get_products
2024-01-17T04:55:04+00:00 DEBUG Tt4b_Catalog_Class::catalog_sync_helper: product_page: 1 product_count: 0, variation_count: 0
2024-01-17T04:55:04+00:00 DEBUG POST: https://business-api.tiktok.com/open_api/v1.3/catalog/product/upload/

{"bc_id":"7314566099670958088","catalog_id":"7323598436790503169","products":[]}
 ajax: yes
2024-01-17T04:55:05+00:00 DEBUG Tt4b_Mapi_Class::mapi_post: Response: 

HTTP/1.1 200 OK
Content-Type: application/json
Content-Length: 134
stablecode: 0
upstream-caught: None
X_TT_LOGID: 20240117045503CCA5976EC86DD38D1C14
X-Domain-Change-Info: We have moved to a new domain for API services after the Platform Upgrade on 09/30/2021. Please update all of your requests with the new domain if you haven't done so already. For more information, please visit https://ads.tiktok.com/marketing_api/docs?rid=esb88xalm6m&id=1709207085043713
X-TT-LOGID: 20240117045503CCA5976EC86DD38D1C14
X-TT-LOGID: 20240117045503CCA5976EC86DD38D1C14
Server-Timing: inner; dur=228
x-tt-trace-host: 0115fb3933a63395317ce1f4abb4f506ddd6cde3962611298431c38c33de3f2cd4cf5d035a64492347bcdec2a37fdbea4448a38c1baba2626953a3ca2793938f500bdf0a85aeff9b704671c68ca36dce6245a47c79df18a780f070f59228e73b7f
x-tt-trace-id: 00-240117045503CCA5976EC86DD38D1C14-626C1B6804B43A70-00
Server: TLB
Expires: Wed, 17 Jan 2024 04:55:05 GMT
Cache-Control: max-age=0, no-cache, no-store
Pragma: no-cache
Date: Wed, 17 Jan 2024 04:55:05 GMT
X-Cache: TCP_MISS from a23-210-250-135.deploy.akamaitechnologies.com (AkamaiGHost/11.4.0-53477943) (-)
Connection: close
x-tt-trace-tag: id=16;cdn-cache=miss;type=dyn
Server-Timing: cdn-cache; desc=MISS, edge; dur=2, origin; dur=249
X-Origin-Response-Time: 249,23.210.250.135
X-Akamai-Request-ID: 4cf7412c

{"code": 40002, "message": "products: Shorter than minimum length 1.", "request_id": "20240117045503CCA5976EC86DD38D1C14", "data": {}}

2024-01-17T05:01:08+00:00 DEBUG Tt4b_Catalog_Class::catalog_sync: catalog_sync executing for HC Computer
2024-01-17T05:01:08+00:00 DEBUG Tt4b_Catalog_Class::catalog_sync: adding and updating products from wc_get_products since 17 Tháng Một 2024 11:55:03
2024-01-17T05:01:08+00:00 DEBUG Tt4b_Catalog_Class::delete_products_helper: no products retrieved from tt4b_product_delete_queue option, skipping product deletion
2024-01-17T05:01:08+00:00 DEBUG Tt4b_Catalog_Class::catalog_sync_helper: no products retrieved from wc_get_products
2024-01-17T05:01:08+00:00 DEBUG Tt4b_Catalog_Class::catalog_sync_helper: product_page: 1 product_count: 0, variation_count: 0
2024-01-17T05:01:08+00:00 DEBUG POST: https://business-api.tiktok.com/open_api/v1.3/catalog/product/upload/

{"bc_id":"7314566099670958088","catalog_id":"7323598436790503169","products":[]}
 ajax: yes
2024-01-17T05:01:09+00:00 DEBUG Tt4b_Mapi_Class::mapi_post: Response: 

HTTP/1.1 200 OK
Content-Type: application/json
Content-Length: 134
stablecode: 0
upstream-caught: None
X_TT_LOGID: 20240117050108B01F5DE7ECF39387F953
X-Domain-Change-Info: We have moved to a new domain for API services after the Platform Upgrade on 09/30/2021. Please update all of your requests with the new domain if you haven't done so already. For more information, please visit https://ads.tiktok.com/marketing_api/docs?rid=esb88xalm6m&id=1709207085043713
X-TT-LOGID: 20240117050108B01F5DE7ECF39387F953
X-TT-LOGID: 20240117050108B01F5DE7ECF39387F953
Server-Timing: inner; dur=148
x-tt-trace-host: 0115fb3933a63395317ce1f4abb4f506ddbca01868f3ee198f6429f5fd7f9ec0b3efd934ddc4abbcfd92870838bfca4db01b1e2c843fe8be73c035bb2588da936934226c050e81dce073d26720624c18434838ba1d3abc8db20b090313d59f2471
x-tt-trace-id: 00-240117050108B01F5DE7ECF39387F953-13EB5AC41DE96D89-00
Server: TLB
Expires: Wed, 17 Jan 2024 05:01:09 GMT
Cache-Control: max-age=0, no-cache, no-store
Pragma: no-cache
Date: Wed, 17 Jan 2024 05:01:09 GMT
X-Cache: TCP_MISS from a23-210-250-158.deploy.akamaitechnologies.com (AkamaiGHost/11.4.0-53477943) (-)
Connection: close
x-tt-trace-tag: id=16;cdn-cache=miss;type=dyn
Server-Timing: cdn-cache; desc=MISS, edge; dur=3, origin; dur=171
X-Origin-Response-Time: 171,23.210.250.158
X-Akamai-Request-ID: 515e9f22

{"code": 40002, "message": "products: Shorter than minimum length 1.", "request_id": "20240117050108B01F5DE7ECF39387F953", "data": {}}

2024-01-17T05:31:31+00:00 DEBUG Tt4b_Pixel_Class::inject_view_content_event: hit ViewContent
2024-01-17T05:31:31+00:00 DEBUG POST: https://business-api.tiktok.com/open_api/v1.3/event/track/

{"partner_name":"WooCommerce","event_source":"web","event_source_id":"CMHAEGRC77U8OC88QNOG","data":[{"event":"ViewContent","event_id":"65a7663384f52_tt4b_woocommerce_6597aabb89eb6_37","event_time":1705469491,"user":{"phone":"","email":"e3b0c44298fc1c149afbf4c8996fb92427ae41e4649b934ca495991b7852b855","ip":"66.249.71.66","user_agent":"Mozilla\/5.0 (compatible; Googlebot\/2.1; +http:\/\/www.google.com\/bot.html)","locale":"en"},"properties":{"contents":[{"price":150000,"quantity":1,"content_id":"37","content_name":"USB Lexar JumpDrive V400 32GB"}],"content_type":"product","currency":"VND","value":150000},"page":{"url":"http:\/\/hccomputer.net\/product\/usb-chinh-hang-san-nhac-cho-o-to\/"}}]}
 ajax: no
2024-01-17T05:31:31+00:00 DEBUG Tt4b_Mapi_Class::mapi_post: Response: 

HTTP/1.1 200 OK
Server: nginx
Content-Type: application/json
Content-Length: 92
X-Tt-Logid: 20240117053131745F74FD00A6AA01AC4A
x-tt-trace-host: 0115fb3933a63395317ce1f4abb4f506ddfaebbe1554995392032d2282ec51ff7d3eca319bb19ba1dda0f56cb28f019845cb555b5988d09c9f8959c2ff8d3f6c7993571eda3ca6c46bbdff00422d149ac1948983d3f0799ae475a1c68570e57b309a33386e8975215352961de370915692
x-tt-trace-id: 00-240117053131745F74FD00A6AA01AC4A-678F1FDED26DD9C3-00
X-Origin-Response-Time: 43,23.32.17.44
X-Akamai-Request-ID: 1852c26.51b0fe94
Expires: Wed, 17 Jan 2024 05:31:31 GMT
Cache-Control: max-age=0, no-cache, no-store
Pragma: no-cache
Date: Wed, 17 Jan 2024 05:31:31 GMT
X-Cache: TCP_MISS from a23-210-250-158.deploy.akamaitechnologies.com (AkamaiGHost/11.4.0-53477943) (-)
Connection: close
X-Cache-Remote: TCP_MISS from a23-32-17-44.deploy.akamaitechnologies.com (AkamaiGHost/11.3.3-52668873) (-)
x-tt-trace-tag: id=16;cdn-cache=miss;type=dyn
Server-Timing: cdn-cache; desc=MISS, edge; dur=223, origin; dur=43
Server-Timing: inner; dur=32
X-Parent-Response-Time: 262,23.210.250.158

{"code": 0, "message": "OK", "request_id": "20240117053131745F74FD00A6AA01AC4A", "data": {}}

2024-01-17T08:13:25+00:00 DEBUG Tt4b_Pixel_Class::inject_view_content_event: hit ViewContent
2024-01-17T08:13:25+00:00 DEBUG POST: https://business-api.tiktok.com/open_api/v1.3/event/track/

{"partner_name":"WooCommerce","event_source":"web","event_source_id":"CMHAEGRC77U8OC88QNOG","data":[{"event":"ViewContent","event_id":"65a78c25a46a8_tt4b_woocommerce_6597aabb89eb6_235","event_time":1705479205,"user":{"phone":"","email":"e3b0c44298fc1c149afbf4c8996fb92427ae41e4649b934ca495991b7852b855","ip":"40.77.167.247","user_agent":"Mozilla\/5.0 AppleWebKit\/537.36 (KHTML, like Gecko; compatible; bingbot\/2.0; +http:\/\/www.bing.com\/bingbot.htm) Chrome\/116.0.1938.76 Safari\/537.36","locale":"en"},"properties":{"contents":[{"price":0,"quantity":1,"content_id":"235","content_name":"RAM desktop KINGSTON FURY Beast RGB (2 x 16GB) DDR5 5600MHz (KF556C40BBAK2-32)"}],"content_type":"product","currency":"VND","value":0},"page":{"url":"http:\/\/hccomputer.net\/product\/ram-desktop-kingston-fury-beast-rgb-2-x-16gb-ddr5-5600mhz-kf556c40bbak2-32\/"}}]}
 ajax: no
2024-01-17T08:13:26+00:00 DEBUG Tt4b_Mapi_Class::mapi_post: Response: 

HTTP/1.1 200 OK
Server: nginx
Content-Type: application/json
Content-Length: 92
X-Tt-Logid: 20240117081326260CD48317627006B4C7
x-tt-trace-host: 0115fb3933a63395317ce1f4abb4f506ddcae45a991343a4b414f6171dc5ae7c6af1c8e394134b0f86859e5293033a1efdc777e510a96ce06c53205b09ca6b0496f2a35bde3d2f5a99b116b12aaa3a16b720807a1548984b3e73cad1d3a0f0cd680e8e49a34a04293edf64264a76c25f20
x-tt-trace-id: 00-240117081326260CD48317627006B4C7-0C95EA34D1D32C91-00
X-Origin-Response-Time: 103,23.32.17.66
X-Akamai-Request-ID: 112b9c15.e8134a6
Expires: Wed, 17 Jan 2024 08:13:26 GMT
Cache-Control: max-age=0, no-cache, no-store
Pragma: no-cache
Date: Wed, 17 Jan 2024 08:13:26 GMT
X-Cache: TCP_MISS from a23-210-250-180.deploy.akamaitechnologies.com (AkamaiGHost/11.4.0-53477943) (-)
Connection: close
X-Cache-Remote: TCP_MISS from a23-32-17-66.deploy.akamaitechnologies.com (AkamaiGHost/11.4.0-53477943) (-)
x-tt-trace-tag: id=16;cdn-cache=miss;type=dyn
Server-Timing: cdn-cache; desc=MISS, edge; dur=226, origin; dur=103
Server-Timing: inner; dur=100
X-Parent-Response-Time: 325,23.210.250.180

{"code": 0, "message": "OK", "request_id": "20240117081326260CD48317627006B4C7", "data": {}}

2024-01-17T08:50:29+00:00 DEBUG Tt4b_Pixel_Class::inject_view_content_event: hit ViewContent
2024-01-17T08:50:29+00:00 DEBUG POST: https://business-api.tiktok.com/open_api/v1.3/event/track/

{"partner_name":"WooCommerce","event_source":"web","event_source_id":"CMHAEGRC77U8OC88QNOG","data":[{"event":"ViewContent","event_id":"65a794d5e7874_tt4b_woocommerce_6597aabb89eb6_131","event_time":1705481429,"user":{"phone":"","email":"e3b0c44298fc1c149afbf4c8996fb92427ae41e4649b934ca495991b7852b855","ip":"40.77.167.32","user_agent":"Mozilla\/5.0 AppleWebKit\/537.36 (KHTML, like Gecko; compatible; bingbot\/2.0; +http:\/\/www.bing.com\/bingbot.htm) Chrome\/116.0.1938.76 Safari\/537.36","locale":"en"},"properties":{"contents":[{"price":150000,"quantity":1,"content_id":"131","content_name":"B\u00e0n Ph\u00edm C\u00f3 D\u00e2y Rapoo NK1800 - b\u00e0n ph\u00edm v\u0103n ph\u00f2ng"}],"content_type":"product","currency":"VND","value":150000},"page":{"url":"http:\/\/hccomputer.net\/product\/ban-phim-co-day-rapoo-nk1800-ban-phim-van-phong\/"}}]}
 ajax: no
2024-01-17T08:50:30+00:00 DEBUG Tt4b_Mapi_Class::mapi_post: Response: 

HTTP/1.1 200 OK
Server: nginx
Content-Type: application/json
Content-Length: 92
X-Tt-Logid: 20240117085030409F60DD65054201F5FD
x-tt-trace-host: 0115fb3933a63395317ce1f4abb4f506ddf95460b94301f32e56fba22933ad87af1447839c2ff611c53a1406cc344403711c75764905bec6b5103b0a817be9e8afeb52e24f686593fc2439b0d7228fcd7baccf6c298bb3b2bbdff8fd1229edfe2a880498b8f2b60a1dae154ad2f2f67829
x-tt-trace-id: 00-240117085030409F60DD65054201F5FD-489B2408B9B0AC94-00
X-Origin-Response-Time: 28,23.32.17.49
X-Akamai-Request-ID: 12f46219.257b887b
Expires: Wed, 17 Jan 2024 08:50:30 GMT
Cache-Control: max-age=0, no-cache, no-store
Pragma: no-cache
Date: Wed, 17 Jan 2024 08:50:30 GMT
X-Cache: TCP_MISS from a23-59-80-213.deploy.akamaitechnologies.com (AkamaiGHost/11.4.0-53477943) (-)
Connection: close
X-Cache-Remote: TCP_MISS from a23-32-17-49.deploy.akamaitechnologies.com (AkamaiGHost/11.4.0-53477943) (-)
x-tt-trace-tag: id=16;cdn-cache=miss;type=dyn
Server-Timing: cdn-cache; desc=MISS, edge; dur=227, origin; dur=28
Server-Timing: inner; dur=24
X-Parent-Response-Time: 249,23.59.80.213

{"code": 0, "message": "OK", "request_id": "20240117085030409F60DD65054201F5FD", "data": {}}

2024-01-17T09:05:14+00:00 DEBUG Tt4b_Catalog_Class::catalog_sync: catalog_sync executing for HC Computer
2024-01-17T09:05:14+00:00 DEBUG Tt4b_Catalog_Class::catalog_sync: adding and updating products from wc_get_products since 17 Tháng Một 2024 12:01:08
2024-01-17T09:05:14+00:00 DEBUG Tt4b_Catalog_Class::delete_products_helper: no products retrieved from tt4b_product_delete_queue option, skipping product deletion
2024-01-17T09:05:14+00:00 DEBUG Tt4b_Catalog_Class::catalog_sync_helper: no products retrieved from wc_get_products
2024-01-17T09:05:14+00:00 DEBUG Tt4b_Catalog_Class::catalog_sync_helper: product_page: 1 product_count: 0, variation_count: 0
2024-01-17T09:05:14+00:00 DEBUG POST: https://business-api.tiktok.com/open_api/v1.3/catalog/product/upload/

{"bc_id":"7314566099670958088","catalog_id":"7323598436790503169","products":[]}
 ajax: yes
2024-01-17T09:05:15+00:00 DEBUG Tt4b_Mapi_Class::mapi_post: Response: 

HTTP/1.1 200 OK
Content-Type: application/json
Content-Length: 134
stablecode: 0
upstream-caught: None
X_TT_LOGID: 202401170905141C6810ACF36C6397ABBC
X-Domain-Change-Info: We have moved to a new domain for API services after the Platform Upgrade on 09/30/2021. Please update all of your requests with the new domain if you haven't done so already. For more information, please visit https://ads.tiktok.com/marketing_api/docs?rid=esb88xalm6m&id=1709207085043713
X-TT-LOGID: 202401170905141C6810ACF36C6397ABBC
X-TT-LOGID: 202401170905141C6810ACF36C6397ABBC
x-tt-trace-host: 0115fb3933a63395317ce1f4abb4f506dddec02e8d23f0b1f40353f083779312f858c2ed79bcb274b1705835d780f8c24167c8034dd9a52f1a53eddd96da1f26e4bef0224bab3876f41e084383ae51d4dcefa71bb7c2b51b90870f06d91569d4d5ca7bd93dbba08cd53fe4e65d2eb306b1
x-tt-trace-id: 00-2401170905141C6810ACF36C6397ABBC-47CE16614F99C076-00
Server: TLB
X-Origin-Response-Time: 201,72.247.127.244
X-Akamai-Request-ID: 1a36d8d1.2e91bd38
Expires: Wed, 17 Jan 2024 09:05:15 GMT
Cache-Control: max-age=0, no-cache, no-store
Pragma: no-cache
Date: Wed, 17 Jan 2024 09:05:15 GMT
X-Cache: TCP_MISS from a23-59-80-229.deploy.akamaitechnologies.com (AkamaiGHost/11.4.0-53477943) (-)
Connection: close
X-Cache-Remote: TCP_MISS from a72-247-127-244.deploy.akamaitechnologies.com (AkamaiGHost/11.4.0-53477943) (-)
x-tt-trace-tag: id=16;cdn-cache=miss;type=dyn
Server-Timing: cdn-cache; desc=MISS, edge; dur=87, origin; dur=201
Server-Timing: inner; dur=196
X-Parent-Response-Time: 259,23.59.80.229

{"code": 40002, "message": "products: Shorter than minimum length 1.", "request_id": "202401170905141C6810ACF36C6397ABBC", "data": {}}

2024-01-17T10:00:17+00:00 DEBUG Tt4b_Catalog_Class::catalog_sync: catalog_sync executing for HC Computer
2024-01-17T10:00:17+00:00 DEBUG Tt4b_Catalog_Class::catalog_sync: adding and updating products from wc_get_products since 17 Tháng Một 2024 16:05:14
2024-01-17T10:00:17+00:00 DEBUG Tt4b_Catalog_Class::delete_products_helper: no products retrieved from tt4b_product_delete_queue option, skipping product deletion
2024-01-17T10:00:18+00:00 DEBUG Tt4b_Catalog_Class::catalog_sync_helper: no products retrieved from wc_get_products
2024-01-17T10:00:18+00:00 DEBUG Tt4b_Catalog_Class::catalog_sync_helper: product_page: 1 product_count: 0, variation_count: 0
2024-01-17T10:00:18+00:00 DEBUG POST: https://business-api.tiktok.com/open_api/v1.3/catalog/product/upload/

{"bc_id":"7314566099670958088","catalog_id":"7323598436790503169","products":[]}
 ajax: yes
2024-01-17T10:00:18+00:00 DEBUG Tt4b_Mapi_Class::mapi_post: Response: 

HTTP/1.1 200 OK
Content-Type: application/json
Content-Length: 134
stablecode: 0
upstream-caught: None
X_TT_LOGID: 2024011710001724128F8845F58397C62E
X-Domain-Change-Info: We have moved to a new domain for API services after the Platform Upgrade on 09/30/2021. Please update all of your requests with the new domain if you haven't done so already. For more information, please visit https://ads.tiktok.com/marketing_api/docs?rid=esb88xalm6m&id=1709207085043713
X-TT-LOGID: 2024011710001724128F8845F58397C62E
X-TT-LOGID: 2024011710001724128F8845F58397C62E
Server-Timing: inner; dur=168
x-tt-trace-host: 0115fb3933a63395317ce1f4abb4f506dd896722e31ad7c73a2e51c4181cc7fef2701587983c55dd3b1202ee82752238641cf8a7e14e81c182ac38f445b5c4d411705d6c04824eac430b02b4975a3dfb330a7905dd1212b9cd200f06460ef772c4
x-tt-trace-id: 00-24011710001724128F8845F58397C62E-00987DF00AEA67AE-00
Server: TLB
Expires: Wed, 17 Jan 2024 10:00:18 GMT
Cache-Control: max-age=0, no-cache, no-store
Pragma: no-cache
Date: Wed, 17 Jan 2024 10:00:18 GMT
X-Cache: TCP_MISS from a23-210-250-47.deploy.akamaitechnologies.com (AkamaiGHost/11.4.0-53477943) (-)
Connection: close
x-tt-trace-tag: id=16;cdn-cache=miss;type=dyn
Server-Timing: cdn-cache; desc=MISS, edge; dur=2, origin; dur=173
X-Origin-Response-Time: 173,23.210.250.47
X-Akamai-Request-ID: 2fa867

{"code": 40002, "message": "products: Shorter than minimum length 1.", "request_id": "2024011710001724128F8845F58397C62E", "data": {}}

2024-01-17T10:56:31+00:00 DEBUG Tt4b_Pixel_Class::inject_view_content_event: hit ViewContent
2024-01-17T10:56:31+00:00 DEBUG POST: https://business-api.tiktok.com/open_api/v1.3/event/track/

{"partner_name":"WooCommerce","event_source":"web","event_source_id":"CMHAEGRC77U8OC88QNOG","data":[{"event":"ViewContent","event_id":"65a7b25f5e226_tt4b_woocommerce_6597aabb89eb6_37","event_time":1705488991,"user":{"phone":"","email":"e3b0c44298fc1c149afbf4c8996fb92427ae41e4649b934ca495991b7852b855","ip":"66.249.71.64","user_agent":"Mozilla\/5.0 (Linux; Android 6.0.1; Nexus 5X Build\/MMB29P) AppleWebKit\/537.36 (KHTML, like Gecko) Chrome\/120.0.6099.216 Mobile Safari\/537.36 (compatible; Googlebot\/2.1; +http:\/\/www.google.com\/bot.html)","locale":"en"},"properties":{"contents":[{"price":150000,"quantity":1,"content_id":"37","content_name":"USB Lexar JumpDrive V400 32GB"}],"content_type":"product","currency":"VND","value":150000},"page":{"url":"http:\/\/hccomputer.net\/product\/usb-chinh-hang-san-nhac-cho-o-to\/"}}]}
 ajax: no
2024-01-17T10:56:31+00:00 DEBUG Tt4b_Mapi_Class::mapi_post: Response: 

HTTP/1.1 200 OK
Server: nginx
Content-Type: application/json
Content-Length: 92
X-Tt-Logid: 2024011710563105F3B5D73712264C249A
x-tt-trace-host: 0115fb3933a63395317ce1f4abb4f506dd95181ae2f8957b98b7c58646c94244bba9243dbcdd7f4accb340d9ad5c2b3d695a43794b291cb019ce2063cbd35c51e9fefff13018b7876b00c801f85d780e77d279ed28ac4728710de77886b57503975587a27eb8616da4f7bf33490f0f8cec
x-tt-trace-id: 00-24011710563105F3B5D73712264C249A-5CB22C93C03DDAD1-00
X-Origin-Response-Time: 103,23.213.246.196
X-Akamai-Request-ID: 18fb346f.1021e4a0
Expires: Wed, 17 Jan 2024 10:56:31 GMT
Cache-Control: max-age=0, no-cache, no-store
Pragma: no-cache
Date: Wed, 17 Jan 2024 10:56:31 GMT
X-Cache: TCP_MISS from a23-59-80-166.deploy.akamaitechnologies.com (AkamaiGHost/11.4.0-53477943) (-)
Connection: close
X-Cache-Remote: TCP_MISS from a23-213-246-196.deploy.akamaitechnologies.com (AkamaiGHost/11.4.0-53477943) (-)
x-tt-trace-tag: id=16;cdn-cache=miss;type=dyn
Server-Timing: cdn-cache; desc=MISS, edge; dur=226, origin; dur=103
Server-Timing: inner; dur=99
X-Parent-Response-Time: 324,23.59.80.166

{"code": 0, "message": "OK", "request_id": "2024011710563105F3B5D73712264C249A", "data": {}}

2024-01-17T12:56:37+00:00 DEBUG Tt4b_Catalog_Class::catalog_sync: catalog_sync executing for HC Computer
2024-01-17T12:56:37+00:00 DEBUG Tt4b_Catalog_Class::catalog_sync: adding and updating products from wc_get_products since 17 Tháng Một 2024 17:00:17
2024-01-17T12:56:37+00:00 DEBUG Tt4b_Catalog_Class::delete_products_helper: no products retrieved from tt4b_product_delete_queue option, skipping product deletion
2024-01-17T12:56:37+00:00 DEBUG Tt4b_Catalog_Class::catalog_sync_helper: no products retrieved from wc_get_products
2024-01-17T12:56:37+00:00 DEBUG Tt4b_Catalog_Class::catalog_sync_helper: product_page: 1 product_count: 0, variation_count: 0
2024-01-17T12:56:37+00:00 DEBUG POST: https://business-api.tiktok.com/open_api/v1.3/catalog/product/upload/

{"bc_id":"7314566099670958088","catalog_id":"7323598436790503169","products":[]}
 ajax: yes
2024-01-17T12:56:39+00:00 DEBUG Tt4b_Mapi_Class::mapi_post: Response: 

HTTP/1.1 200 OK
Content-Type: application/json
Content-Length: 134
stablecode: 0
upstream-caught: None
X_TT_LOGID: 2024011712563805614E4368055FA3C877
X-Domain-Change-Info: We have moved to a new domain for API services after the Platform Upgrade on 09/30/2021. Please update all of your requests with the new domain if you haven't done so already. For more information, please visit https://ads.tiktok.com/marketing_api/docs?rid=esb88xalm6m&id=1709207085043713
X-TT-LOGID: 2024011712563805614E4368055FA3C877
X-TT-LOGID: 2024011712563805614E4368055FA3C877
Server-Timing: inner; dur=157
x-tt-trace-host: 0115fb3933a63395317ce1f4abb4f506dd3d9720de61adaea1c175a450f41fac00346cd865d31958c5266b64edb1d5531d032be79043957d43a603a42583cac5bda0a702e6676afdee318fdc5b8c309e6d3f86204813cf8306a2b1f5f37b6603ce
x-tt-trace-id: 00-24011712563805614E4368055FA3C877-0D45541032733A77-00
Server: TLB
Expires: Wed, 17 Jan 2024 12:56:39 GMT
Cache-Control: max-age=0, no-cache, no-store
Pragma: no-cache
Date: Wed, 17 Jan 2024 12:56:39 GMT
X-Cache: TCP_MISS from a23-59-80-159.deploy.akamaitechnologies.com (AkamaiGHost/11.4.0-53477943) (-)
Connection: close
x-tt-trace-tag: id=16;cdn-cache=miss;type=dyn
Server-Timing: cdn-cache; desc=MISS, edge; dur=3, origin; dur=163
X-Origin-Response-Time: 163,23.59.80.159
X-Akamai-Request-ID: 1fb7cd1b

{"code": 40002, "message": "products: Shorter than minimum length 1.", "request_id": "2024011712563805614E4368055FA3C877", "data": {}}

2024-01-17T13:01:09+00:00 DEBUG Tt4b_Catalog_Class::catalog_sync: catalog_sync executing for HC Computer
2024-01-17T13:01:09+00:00 DEBUG Tt4b_Catalog_Class::catalog_sync: adding and updating products from wc_get_products since 17 Tháng Một 2024 19:56:37
2024-01-17T13:01:10+00:00 DEBUG Tt4b_Catalog_Class::delete_products_helper: no products retrieved from tt4b_product_delete_queue option, skipping product deletion
2024-01-17T13:01:10+00:00 DEBUG Tt4b_Catalog_Class::catalog_sync_helper: no products retrieved from wc_get_products
2024-01-17T13:01:10+00:00 DEBUG Tt4b_Catalog_Class::catalog_sync_helper: product_page: 1 product_count: 0, variation_count: 0
2024-01-17T13:01:10+00:00 DEBUG POST: https://business-api.tiktok.com/open_api/v1.3/catalog/product/upload/

{"bc_id":"7314566099670958088","catalog_id":"7323598436790503169","products":[]}
 ajax: yes
2024-01-17T13:01:10+00:00 DEBUG Tt4b_Mapi_Class::mapi_post: Response: 

HTTP/1.1 200 OK
Content-Type: application/json
Content-Length: 134
stablecode: 0
upstream-caught: None
X_TT_LOGID: 20240117130109B32035F46809F1A514CE
X-Domain-Change-Info: We have moved to a new domain for API services after the Platform Upgrade on 09/30/2021. Please update all of your requests with the new domain if you haven't done so already. For more information, please visit https://ads.tiktok.com/marketing_api/docs?rid=esb88xalm6m&id=1709207085043713
X-TT-LOGID: 20240117130109B32035F46809F1A514CE
X-TT-LOGID: 20240117130109B32035F46809F1A514CE
Server-Timing: inner; dur=212
x-tt-trace-host: 0115fb3933a63395317ce1f4abb4f506dd304fb654b7d23eb0a8611c9b3a332165ce42a8ed19794f4cbebe649daf6f99c839a1fdad70c58fc47155c2d7c3d6cd892c62f19664b3cd428d44a6cc40776472c1781708b925a86c8df9be7842b798bb
x-tt-trace-id: 00-240117130109B32035F46809F1A514CE-2A8CC2210AA36806-00
Server: TLB
Expires: Wed, 17 Jan 2024 13:01:10 GMT
Cache-Control: max-age=0, no-cache, no-store
Pragma: no-cache
Date: Wed, 17 Jan 2024 13:01:10 GMT
X-Cache: TCP_MISS from a23-202-34-221.deploy.akamaitechnologies.com (AkamaiGHost/11.4.0-53477943) (-)
Connection: close
x-tt-trace-tag: id=16;cdn-cache=miss;type=dyn
Server-Timing: cdn-cache; desc=MISS, edge; dur=2, origin; dur=247
X-Origin-Response-Time: 247,23.202.34.221
X-Akamai-Request-ID: 3c7bc5a6

{"code": 40002, "message": "products: Shorter than minimum length 1.", "request_id": "20240117130109B32035F46809F1A514CE", "data": {}}

2024-01-17T13:16:25+00:00 DEBUG Tt4b_Pixel_Class::inject_view_content_event: hit ViewContent
2024-01-17T13:16:25+00:00 DEBUG POST: https://business-api.tiktok.com/open_api/v1.3/event/track/

{"partner_name":"WooCommerce","event_source":"web","event_source_id":"CMHAEGRC77U8OC88QNOG","data":[{"event":"ViewContent","event_id":"65a7d32902296_tt4b_woocommerce_6597aabb89eb6_213","event_time":1705497385,"user":{"phone":"","email":"e3b0c44298fc1c149afbf4c8996fb92427ae41e4649b934ca495991b7852b855","ip":"40.77.167.78","user_agent":"Mozilla\/5.0 AppleWebKit\/537.36 (KHTML, like Gecko; compatible; bingbot\/2.0; +http:\/\/www.bing.com\/bingbot.htm) Chrome\/116.0.1938.76 Safari\/537.36","locale":"en"},"properties":{"contents":[{"price":0,"quantity":1,"content_id":"213","content_name":"M\u00e1y in Canon 2900 Ch\u00ednh H\u00e3ng"}],"content_type":"product","currency":"VND","value":0},"page":{"url":"http:\/\/hccomputer.net\/product\/may-in-canon-2900-chinh-hang\/"}}]}
 ajax: no
2024-01-17T13:16:25+00:00 DEBUG Tt4b_Mapi_Class::mapi_post: Response: 

HTTP/1.1 200 OK
Server: nginx
Content-Type: application/json
Content-Length: 92
X-Tt-Logid: 2024011713162582C8262F90F9EA15C008
x-tt-trace-host: 0115fb3933a63395317ce1f4abb4f506ddaeb4dac2cdf7f26f33da65b43ca9e2a1650ddf9dc5b8e457cb22d750de48343230f13429742b4cc1238f2e954a5a4319e924b2eff6c5d4c71868bb4ba0195a3e72afd2390fcf689a9e4e2cec3bb81f2823d727866359cf17c919f6d381b8d31d
x-tt-trace-id: 00-24011713162582C8262F90F9EA15C008-6AED6075BE195CF6-00
X-Origin-Response-Time: 104,23.213.246.238
X-Akamai-Request-ID: 15edfc55.968f370
Expires: Wed, 17 Jan 2024 13:16:25 GMT
Cache-Control: max-age=0, no-cache, no-store
Pragma: no-cache
Date: Wed, 17 Jan 2024 13:16:25 GMT
X-Cache: TCP_MISS from a23-59-80-110.deploy.akamaitechnologies.com (AkamaiGHost/11.4.0-53477943) (-)
Connection: close
X-Cache-Remote: TCP_MISS from a23-213-246-238.deploy.akamaitechnologies.com (AkamaiGHost/11.4.0-53477943) (-)
x-tt-trace-tag: id=16;cdn-cache=miss;type=dyn
Server-Timing: cdn-cache; desc=MISS, edge; dur=281, origin; dur=104
Server-Timing: inner; dur=100
X-Parent-Response-Time: 365,23.59.80.110

{"code": 0, "message": "OK", "request_id": "2024011713162582C8262F90F9EA15C008", "data": {}}

2024-01-17T14:01:10+00:00 DEBUG Tt4b_Catalog_Class::catalog_sync: catalog_sync executing for HC Computer
2024-01-17T14:01:10+00:00 DEBUG Tt4b_Catalog_Class::catalog_sync: adding and updating products from wc_get_products since 17 Tháng Một 2024 20:01:09
2024-01-17T14:01:10+00:00 DEBUG Tt4b_Catalog_Class::delete_products_helper: no products retrieved from tt4b_product_delete_queue option, skipping product deletion
2024-01-17T14:01:10+00:00 DEBUG Tt4b_Catalog_Class::catalog_sync_helper: no products retrieved from wc_get_products
2024-01-17T14:01:10+00:00 DEBUG Tt4b_Catalog_Class::catalog_sync_helper: product_page: 1 product_count: 0, variation_count: 0
2024-01-17T14:01:10+00:00 DEBUG POST: https://business-api.tiktok.com/open_api/v1.3/catalog/product/upload/

{"bc_id":"7314566099670958088","catalog_id":"7323598436790503169","products":[]}
 ajax: yes
2024-01-17T14:01:12+00:00 DEBUG Tt4b_Mapi_Class::mapi_post: Response: 

HTTP/1.1 200 OK
Content-Type: application/json
Content-Length: 134
stablecode: 0
upstream-caught: None
X_TT_LOGID: 20240117140110DDA0ACB36054FB4A78F3
X-Domain-Change-Info: We have moved to a new domain for API services after the Platform Upgrade on 09/30/2021. Please update all of your requests with the new domain if you haven't done so already. For more information, please visit https://ads.tiktok.com/marketing_api/docs?rid=esb88xalm6m&id=1709207085043713
X-TT-LOGID: 20240117140110DDA0ACB36054FB4A78F3
X-TT-LOGID: 20240117140110DDA0ACB36054FB4A78F3
Server-Timing: inner; dur=299
x-tt-trace-host: 0115fb3933a63395317ce1f4abb4f506ddab07bd89443780ae41db7dd6d931ddab1cb89734c8356a0201552ebfbbed1354b6c23017ced1662a6d51f46f9af80dbfed6ce89aa43daadc1f15bfe3b1b94956c9b870ae5cc0c14669cc4739b600d5f2
x-tt-trace-id: 00-240117140110DDA0ACB36054FB4A78F3-3353E3B6203C05E0-00
Server: TLB
Expires: Wed, 17 Jan 2024 14:01:12 GMT
Cache-Control: max-age=0, no-cache, no-store
Pragma: no-cache
Date: Wed, 17 Jan 2024 14:01:12 GMT
X-Cache: TCP_MISS from a23-59-80-86.deploy.akamaitechnologies.com (AkamaiGHost/11.4.0-53477943) (-)
Connection: close
x-tt-trace-tag: id=16;cdn-cache=miss;type=dyn
Server-Timing: cdn-cache; desc=MISS, edge; dur=3, origin; dur=302
X-Origin-Response-Time: 303,23.59.80.86
X-Akamai-Request-ID: b13b6bd

{"code": 40002, "message": "products: Shorter than minimum length 1.", "request_id": "20240117140110DDA0ACB36054FB4A78F3", "data": {}}

2024-01-17T16:33:08+00:00 DEBUG Tt4b_Pixel_Class::inject_view_content_event: hit ViewContent
2024-01-17T16:33:08+00:00 DEBUG POST: https://business-api.tiktok.com/open_api/v1.3/event/track/

{"partner_name":"WooCommerce","event_source":"web","event_source_id":"CMHAEGRC77U8OC88QNOG","data":[{"event":"ViewContent","event_id":"65a80144f07b8_tt4b_woocommerce_6597aabb89eb6_37","event_time":1705509188,"user":{"phone":"","email":"e3b0c44298fc1c149afbf4c8996fb92427ae41e4649b934ca495991b7852b855","ip":"66.249.73.96","user_agent":"Mozilla\/5.0 (compatible; Googlebot\/2.1; +http:\/\/www.google.com\/bot.html)","locale":"en"},"properties":{"contents":[{"price":150000,"quantity":1,"content_id":"37","content_name":"USB Lexar JumpDrive V400 32GB"}],"content_type":"product","currency":"VND","value":150000},"page":{"url":"http:\/\/hccomputer.net\/product\/usb-chinh-hang-san-nhac-cho-o-to\/"}}]}
 ajax: no
2024-01-17T16:33:09+00:00 DEBUG Tt4b_Mapi_Class::mapi_post: Response: 

HTTP/1.1 200 OK
Server: nginx
Content-Type: application/json
Content-Length: 92
X-Tt-Logid: 20240117163309430FBAC358A75321E9D5
x-tt-trace-host: 0115fb3933a63395317ce1f4abb4f506ddff8a56fb7e98d518af0fee5eebe17bb865b9bcebe04b88cb9c232d8dfa62a96ed79142e6d3d04353efda59945ffefc2b10f6bd76e31c8061e8e8a43fb97b4ec282f2cfa94c680f57ab68cb69f7ef9b891a5c39893d23e2d808391200dd765d31
x-tt-trace-id: 00-240117163309430FBAC358A75321E9D5-07E93D27960F4869-00
X-Origin-Response-Time: 110,23.222.0.17
X-Akamai-Request-ID: 21f70f7.1bd57858
Expires: Wed, 17 Jan 2024 16:33:09 GMT
Cache-Control: max-age=0, no-cache, no-store
Pragma: no-cache
Date: Wed, 17 Jan 2024 16:33:09 GMT
X-Cache: TCP_MISS from a23-210-250-164.deploy.akamaitechnologies.com (AkamaiGHost/11.4.0-53477943) (-)
Connection: close
X-Cache-Remote: TCP_MISS from a23-222-0-17.deploy.akamaitechnologies.com (AkamaiGHost/11.4.0-53477943) (-)
x-tt-trace-tag: id=16;cdn-cache=miss;type=dyn
Server-Timing: cdn-cache; desc=MISS, edge; dur=228, origin; dur=110
Server-Timing: inner; dur=107
X-Parent-Response-Time: 333,23.210.250.164

{"code": 0, "message": "OK", "request_id": "20240117163309430FBAC358A75321E9D5", "data": {}}

2024-01-17T21:38:35+00:00 DEBUG Tt4b_Pixel_Class::inject_view_content_event: hit ViewContent
2024-01-17T21:38:35+00:00 DEBUG POST: https://business-api.tiktok.com/open_api/v1.3/event/track/

{"partner_name":"WooCommerce","event_source":"web","event_source_id":"CMHAEGRC77U8OC88QNOG","data":[{"event":"ViewContent","event_id":"65a848dbcebef_tt4b_woocommerce_6597aabb89eb6_131","event_time":1705527515,"user":{"phone":"","email":"e3b0c44298fc1c149afbf4c8996fb92427ae41e4649b934ca495991b7852b855","ip":"66.249.73.98","user_agent":"Mozilla\/5.0 (Linux; Android 6.0.1; Nexus 5X Build\/MMB29P) AppleWebKit\/537.36 (KHTML, like Gecko) Chrome\/120.0.6099.216 Mobile Safari\/537.36 (compatible; Googlebot\/2.1; +http:\/\/www.google.com\/bot.html)","locale":"en"},"properties":{"contents":[{"price":150000,"quantity":1,"content_id":"131","content_name":"B\u00e0n Ph\u00edm C\u00f3 D\u00e2y Rapoo NK1800 - b\u00e0n ph\u00edm v\u0103n ph\u00f2ng"}],"content_type":"product","currency":"VND","value":150000},"page":{"url":"http:\/\/hccomputer.net\/product\/ban-phim-co-day-rapoo-nk1800-ban-phim-van-phong\/"}}]}
 ajax: no
2024-01-17T21:38:36+00:00 DEBUG Tt4b_Mapi_Class::mapi_post: Response: 

HTTP/1.1 200 OK
Server: nginx
Content-Type: application/json
Content-Length: 92
X-Tt-Logid: 20240117213836840ADB27F097126ED590
x-tt-trace-host: 0115fb3933a63395317ce1f4abb4f506dd20a50afa72da60c3f52e3197046dd2ed8d281f2f85e222690dba736d6b9862c6566898698f4a015f0df4b374d722a22f5b3a4a6fb1b2cca5bc0a4c26504c63aa0265f7bcb5f2e41ea503ab8ef83d12da6c92385acff11afeee67d93d25740098
x-tt-trace-id: 00-240117213836840ADB27F097126ED590-51BE06D8BE929F1B-00
X-Origin-Response-Time: 156,23.213.246.206
X-Akamai-Request-ID: effc5c.22aefb56
Expires: Wed, 17 Jan 2024 21:38:36 GMT
Cache-Control: max-age=0, no-cache, no-store
Pragma: no-cache
Date: Wed, 17 Jan 2024 21:38:36 GMT
X-Cache: TCP_MISS from a23-210-250-183.deploy.akamaitechnologies.com (AkamaiGHost/11.4.0-53477943) (-)
Connection: close
X-Cache-Remote: TCP_MISS from a23-213-246-206.deploy.akamaitechnologies.com (AkamaiGHost/11.4.0-53477943) (-)
x-tt-trace-tag: id=16;cdn-cache=miss;type=dyn
Server-Timing: cdn-cache; desc=MISS, edge; dur=223, origin; dur=156
Server-Timing: inner; dur=151
X-Parent-Response-Time: 373,23.210.250.183

{"code": 0, "message": "OK", "request_id": "20240117213836840ADB27F097126ED590", "data": {}}

2024-01-17T21:55:46+00:00 DEBUG Tt4b_Pixel_Class::inject_view_content_event: hit ViewContent
2024-01-17T21:55:46+00:00 DEBUG POST: https://business-api.tiktok.com/open_api/v1.3/event/track/

{"partner_name":"WooCommerce","event_source":"web","event_source_id":"CMHAEGRC77U8OC88QNOG","data":[{"event":"ViewContent","event_id":"65a84ce21457d_tt4b_woocommerce_6597aabb89eb6_213","event_time":1705528546,"user":{"phone":"","email":"e3b0c44298fc1c149afbf4c8996fb92427ae41e4649b934ca495991b7852b855","ip":"66.249.73.98","user_agent":"Mozilla\/5.0 (Linux; Android 6.0.1; Nexus 5X Build\/MMB29P) AppleWebKit\/537.36 (KHTML, like Gecko) Chrome\/120.0.6099.216 Mobile Safari\/537.36 (compatible; Googlebot\/2.1; +http:\/\/www.google.com\/bot.html)","locale":"en"},"properties":{"contents":[{"price":0,"quantity":1,"content_id":"213","content_name":"M\u00e1y in Canon 2900 Ch\u00ednh H\u00e3ng"}],"content_type":"product","currency":"VND","value":0},"page":{"url":"http:\/\/hccomputer.net\/product\/may-in-canon-2900-chinh-hang\/"}}]}
 ajax: no
2024-01-17T21:55:46+00:00 DEBUG Tt4b_Mapi_Class::mapi_post: Response: 

HTTP/1.1 200 OK
Server: nginx
Content-Type: application/json
Content-Length: 92
X-Tt-Logid: 20240117215546E9CFF4E68DF4A730D18D
x-tt-trace-host: 0115fb3933a63395317ce1f4abb4f506dd4a4d3492a7996ed9199f236f0bf9c47921420c65fa02c391f20727214cf8a5a425b047bb038a14fb22f6dba5c90d0107653ae4a789cc5b288a60034322d2a9be6a838b56afa16dfad8ac5885763aacb168b22d02ed125e0deeea347114126c5f
x-tt-trace-id: 00-240117215546E9CFF4E68DF4A730D18D-30B1AB127EADA344-00
X-Origin-Response-Time: 38,23.218.219.18
X-Akamai-Request-ID: 322ec357.26f0de9b
Expires: Wed, 17 Jan 2024 21:55:46 GMT
Cache-Control: max-age=0, no-cache, no-store
Pragma: no-cache
Date: Wed, 17 Jan 2024 21:55:46 GMT
X-Cache: TCP_MISS from a23-59-80-78.deploy.akamaitechnologies.com (AkamaiGHost/11.4.0-53477943) (-)
Connection: close
X-Cache-Remote: TCP_MISS from a23-218-219-18.deploy.akamaitechnologies.com (AkamaiGHost/11.4.0-53477943) (-)
x-tt-trace-tag: id=16;cdn-cache=miss;type=dyn
Server-Timing: cdn-cache; desc=MISS, edge; dur=225, origin; dur=38
Server-Timing: inner; dur=35
X-Parent-Response-Time: 257,23.59.80.78

{"code": 0, "message": "OK", "request_id": "20240117215546E9CFF4E68DF4A730D18D", "data": {}}

2024-01-17T23:41:25+00:00 DEBUG Tt4b_Pixel_Class::inject_view_content_event: hit ViewContent
2024-01-17T23:41:25+00:00 DEBUG POST: https://business-api.tiktok.com/open_api/v1.3/event/track/

{"partner_name":"WooCommerce","event_source":"web","event_source_id":"CMHAEGRC77U8OC88QNOG","data":[{"event":"ViewContent","event_id":"65a865a525af7_tt4b_woocommerce_6597aabb89eb6_128","event_time":1705534885,"user":{"phone":"","email":"e3b0c44298fc1c149afbf4c8996fb92427ae41e4649b934ca495991b7852b855","ip":"66.249.73.98","user_agent":"Mozilla\/5.0 (Linux; Android 6.0.1; Nexus 5X Build\/MMB29P) AppleWebKit\/537.36 (KHTML, like Gecko) Chrome\/120.0.6099.216 Mobile Safari\/537.36 (compatible; Googlebot\/2.1; +http:\/\/www.google.com\/bot.html)","locale":"en"},"properties":{"contents":[{"price":80000,"quantity":1,"content_id":"128","content_name":"Chu\u1ed9t c\u00f3 d\u00e2y RAPOO N120 c\u1ed5ng USB"}],"content_type":"product","currency":"VND","value":80000},"page":{"url":"http:\/\/hccomputer.net\/product\/chuot-co-day-rapoo-n120-cong-usb\/"}}]}
 ajax: no
2024-01-17T23:41:26+00:00 DEBUG Tt4b_Mapi_Class::mapi_post: Response: 

HTTP/1.1 200 OK
Server: nginx
Content-Type: application/json
Content-Length: 92
X-Tt-Logid: 202401172341255DF69B2CBDDECF835684
x-tt-trace-host: 0115fb3933a63395317ce1f4abb4f506dd3a8020e8a7c1b96e50179a76c8aa4c95066417ab32ec26531839193907d17369383a11828a50c5d2143c57fcf916a37011ede3366de31094813c04264a98450b6371907b01f60b674c425e20459f90a8817ed598f75db4b9e307913f1f49ba6d
x-tt-trace-id: 00-2401172341255DF69B2CBDDECF835684-20C194A7DEF8D584-00
X-Origin-Response-Time: 106,23.207.199.8
X-Akamai-Request-ID: 5decec5.2306c481
Expires: Wed, 17 Jan 2024 23:41:26 GMT
Cache-Control: max-age=0, no-cache, no-store
Pragma: no-cache
Date: Wed, 17 Jan 2024 23:41:26 GMT
X-Cache: TCP_MISS from a23-47-190-165.deploy.akamaitechnologies.com (AkamaiGHost/11.4.0-53477943) (-)
Connection: close
X-Cache-Remote: TCP_MISS from a23-207-199-8.deploy.akamaitechnologies.com (AkamaiGHost/11.4.0-53477943) (-)
x-tt-trace-tag: id=16;cdn-cache=miss;type=dyn
Server-Timing: cdn-cache; desc=MISS, edge; dur=227, origin; dur=105
Server-Timing: inner; dur=103
X-Parent-Response-Time: 328,23.47.190.165

{"code": 0, "message": "OK", "request_id": "202401172341255DF69B2CBDDECF835684", "data": {}}

